<?xml version="1.0" encoding="UTF-8"?>
<!-- Generated by org.testng.reporters.JUnitReportReporter -->
<testsuite hostname="Hp" failures="0" tests="10" name="Hybrid.logincrm" time="50.817" errors="0" timestamp="2022-05-20T18:31:14 IST" skipped="0">
  <testcase classname="Hybrid.logincrm" name="loginApp" time="5.312"/>
  <system-out/>
  <testcase classname="Hybrid.logincrm" name="signupapp" time="8.203"/>
  <system-out/>
  <testcase classname="Hybrid.logincrm" name="searchupapp" time="8.957"/>
  <system-out>
    <![CDATA[Bedsheet Done]]>
  </system-out>
  <testcase classname="Hybrid.logincrm" name="Bedapp" time="10.317"/>
  <system-out>
    <![CDATA[searching Done]]>
  </system-out>
  <testcase classname="Hybrid.logincrm" name="Bedappcart" time="6.765"/>
  <system-out>
    <![CDATA[bedapp Done]]>
  </system-out>
  <testcase classname="Hybrid.logincrm" name="assertions" time="4.520"/>
  <system-out>
    <![CDATA[assertions Done]]>
  </system-out>
  <testcase classname="Hybrid.logincrm" name="tvappcart" time="2.143"/>
  <system-out/>
  <testcase classname="Hybrid.logincrm" name="studyapp" time="3.249"/>
  <system-out/>
  <testcase classname="Hybrid.logincrm" name="aboutapp" time="0.776"/>
  <system-out/>
  <testcase classname="Hybrid.logincrm" name="infoapp" time="0.575"/>
  <system-out/>
</testsuite> <!-- Hybrid.logincrm -->
